<?xml version="1.0" encoding="UTF-8"?>
<testsuite name="org.bridgelabz.junitdemo.EvenOddTest" tests="4" skipped="0" failures="0" errors="0" timestamp="2021-11-12T03:37:31" hostname="Prashants-MacBook-Pro.local" time="0.045">
  <properties/>
  <testcase name="[1] 0, true" classname="org.bridgelabz.junitdemo.EvenOddTest" time="0.036"/>
  <testcase name="[2] 1, false" classname="org.bridgelabz.junitdemo.EvenOddTest" time="0.001"/>
  <testcase name="[3] 2, true" classname="org.bridgelabz.junitdemo.EvenOddTest" time="0.002"/>
  <testcase name="[4] 23, false" classname="org.bridgelabz.junitdemo.EvenOddTest" time="0.001"/>
  <system-out><![CDATA[0: true
1: false
2: true
23: false
]]></system-out>
  <system-err><![CDATA[]]></system-err>
</testsuite>
